{"/home/hyusta/web-dev/web-chat/src/app.controller.ts": {"path":"/home/hyusta/web-dev/web-chat/src/app.controller.ts","statementMap":{"0":{"start":{"line":1,"column":0},"end":{"line":1,"column":60}},"1":{"start":{"line":5,"column":0},"end":{"line":7,"column":null}},"2":{"start":{"line":5,"column":13},"end":{"line":7,"column":null}},"3":{"start":{"line":5,"column":13},"end":{"line":5,"column":26}}},"fnMap":{},"branchMap":{},"s":{"0":0,"1":0,"2":0,"3":0},"f":{},"b":{}}
,"/home/hyusta/web-dev/web-chat/src/app.module.ts": {"path":"/home/hyusta/web-dev/web-chat/src/app.module.ts","statementMap":{"0":{"start":{"line":1,"column":0},"end":{"line":1,"column":56}},"1":{"start":{"line":2,"column":0},"end":{"line":2,"column":49}},"2":{"start":{"line":3,"column":0},"end":{"line":3,"column":43}},"3":{"start":{"line":4,"column":0},"end":{"line":4,"column":51}},"4":{"start":{"line":5,"column":0},"end":{"line":5,"column":48}},"5":{"start":{"line":6,"column":0},"end":{"line":6,"column":48}},"6":{"start":{"line":7,"column":0},"end":{"line":7,"column":58}},"7":{"start":{"line":8,"column":0},"end":{"line":8,"column":54}},"8":{"start":{"line":9,"column":0},"end":{"line":9,"column":44}},"9":{"start":{"line":10,"column":0},"end":{"line":10,"column":40}},"10":{"start":{"line":48,"column":0},"end":{"line":48,"column":null}},"11":{"start":{"line":48,"column":13},"end":{"line":48,"column":null}},"12":{"start":{"line":23,"column":8},"end":{"line":28,"column":11}},"13":{"start":{"line":48,"column":13},"end":{"line":48,"column":22}}},"fnMap":{"0":{"name":"(anonymous_1)","decl":{"start":{"line":22,"column":18},"end":{"line":22,"column":23}},"loc":{"start":{"line":22,"column":72},"end":{"line":29,"column":7}}}},"branchMap":{},"s":{"0":0,"1":0,"2":0,"3":0,"4":0,"5":0,"6":0,"7":0,"8":0,"9":0,"10":0,"11":0,"12":0,"13":0},"f":{"0":0},"b":{}}
,"/home/hyusta/web-dev/web-chat/src/app.service.ts": {"path":"/home/hyusta/web-dev/web-chat/src/app.service.ts","statementMap":{"0":{"start":{"line":1,"column":0},"end":{"line":1,"column":44}},"1":{"start":{"line":4,"column":0},"end":{"line":6,"column":null}},"2":{"start":{"line":4,"column":13},"end":{"line":6,"column":null}},"3":{"start":{"line":4,"column":13},"end":{"line":4,"column":23}}},"fnMap":{},"branchMap":{},"s":{"0":0,"1":0,"2":0,"3":0},"f":{},"b":{}}
,"/home/hyusta/web-dev/web-chat/src/main.ts": {"path":"/home/hyusta/web-dev/web-chat/src/main.ts","statementMap":{"0":{"start":{"line":1,"column":0},"end":{"line":1,"column":43}},"1":{"start":{"line":2,"column":0},"end":{"line":2,"column":41}},"2":{"start":{"line":5,"column":14},"end":{"line":5,"column":49}},"3":{"start":{"line":6,"column":2},"end":{"line":6,"column":25}},"4":{"start":{"line":8,"column":0},"end":{"line":8,"column":12}}},"fnMap":{"0":{"name":"bootstrap","decl":{"start":{"line":4,"column":15},"end":{"line":4,"column":24}},"loc":{"start":{"line":4,"column":24},"end":{"line":7,"column":1}}}},"branchMap":{},"s":{"0":0,"1":0,"2":0,"3":0,"4":0},"f":{"0":0},"b":{}}
,"/home/hyusta/web-dev/web-chat/src/auth/auth.controller.ts": {"path":"/home/hyusta/web-dev/web-chat/src/auth/auth.controller.ts","statementMap":{"0":{"start":{"line":5,"column":0},"end":{"line":5,"column":81}},"1":{"start":{"line":8,"column":0},"end":{"line":8,"column":45}},"2":{"start":{"line":9,"column":0},"end":{"line":9,"column":55}},"3":{"start":{"line":10,"column":0},"end":{"line":10,"column":55}},"4":{"start":{"line":11,"column":0},"end":{"line":11,"column":41}},"5":{"start":{"line":13,"column":0},"end":{"line":13,"column":58}},"6":{"start":{"line":14,"column":0},"end":{"line":14,"column":54}},"7":{"start":{"line":17,"column":0},"end":{"line":46,"column":null}},"8":{"start":{"line":19,"column":25},"end":{"line":19,"column":38}},"9":{"start":{"line":20,"column":25},"end":{"line":20,"column":37}},"10":{"start":{"line":25,"column":8},"end":{"line":25,"column":51}},"11":{"start":{"line":30,"column":8},"end":{"line":30,"column":51}},"12":{"start":{"line":36,"column":12},"end":{"line":36,"column":71}},"13":{"start":{"line":37,"column":8},"end":{"line":37,"column":65}},"14":{"start":{"line":43,"column":12},"end":{"line":43,"column":71}},"15":{"start":{"line":44,"column":8},"end":{"line":44,"column":71}},"16":{"start":{"line":24,"column":4},"end":{"line":26,"column":null}},"17":{"start":{"line":29,"column":4},"end":{"line":31,"column":null}},"18":{"start":{"line":34,"column":4},"end":{"line":38,"column":null}},"19":{"start":{"line":41,"column":4},"end":{"line":45,"column":null}},"20":{"start":{"line":17,"column":13},"end":{"line":46,"column":null}},"21":{"start":{"line":17,"column":13},"end":{"line":17,"column":27}}},"fnMap":{"0":{"name":"(anonymous_4)","decl":{"start":{"line":18,"column":4},"end":{"line":18,"column":null}},"loc":{"start":{"line":20,"column":47},"end":{"line":21,"column":8}}},"1":{"name":"(anonymous_5)","decl":{"start":{"line":24,"column":4},"end":{"line":24,"column":9}},"loc":{"start":{"line":24,"column":44},"end":{"line":26,"column":5}}},"2":{"name":"(anonymous_6)","decl":{"start":{"line":29,"column":4},"end":{"line":29,"column":9}},"loc":{"start":{"line":29,"column":44},"end":{"line":31,"column":5}}},"3":{"name":"(anonymous_7)","decl":{"start":{"line":34,"column":4},"end":{"line":34,"column":9}},"loc":{"start":{"line":34,"column":81},"end":{"line":38,"column":5}}},"4":{"name":"(anonymous_8)","decl":{"start":{"line":41,"column":4},"end":{"line":41,"column":9}},"loc":{"start":{"line":41,"column":76},"end":{"line":45,"column":5}}}},"branchMap":{},"s":{"0":0,"1":0,"2":0,"3":0,"4":0,"5":0,"6":0,"7":0,"8":0,"9":0,"10":0,"11":0,"12":0,"13":0,"14":0,"15":0,"16":0,"17":0,"18":0,"19":0,"20":0,"21":0},"f":{"0":0,"1":0,"2":0,"3":0,"4":0},"b":{}}
,"/home/hyusta/web-dev/web-chat/src/auth/auth.module.ts": {"path":"/home/hyusta/web-dev/web-chat/src/auth/auth.module.ts","statementMap":{"0":{"start":{"line":1,"column":0},"end":{"line":1,"column":51}},"1":{"start":{"line":2,"column":0},"end":{"line":2,"column":72}},"2":{"start":{"line":3,"column":0},"end":{"line":3,"column":53}},"3":{"start":{"line":4,"column":0},"end":{"line":4,"column":40}},"4":{"start":{"line":5,"column":0},"end":{"line":5,"column":45}},"5":{"start":{"line":6,"column":0},"end":{"line":6,"column":63}},"6":{"start":{"line":7,"column":0},"end":{"line":7,"column":61}},"7":{"start":{"line":24,"column":0},"end":{"line":31,"column":null}},"8":{"start":{"line":26,"column":4},"end":{"line":29,"column":21}},"9":{"start":{"line":24,"column":13},"end":{"line":31,"column":null}},"10":{"start":{"line":14,"column":59},"end":{"line":16,"column":8}},"11":{"start":{"line":24,"column":13},"end":{"line":24,"column":23}}},"fnMap":{"0":{"name":"(anonymous_1)","decl":{"start":{"line":25,"column":2},"end":{"line":25,"column":11}},"loc":{"start":{"line":25,"column":40},"end":{"line":30,"column":3}}},"1":{"name":"(anonymous_2)","decl":{"start":{"line":14,"column":18},"end":{"line":14,"column":23}},"loc":{"start":{"line":14,"column":59},"end":{"line":16,"column":8}}}},"branchMap":{},"s":{"0":0,"1":0,"2":0,"3":0,"4":0,"5":0,"6":0,"7":0,"8":0,"9":0,"10":0,"11":0},"f":{"0":0,"1":0},"b":{}}
,"/home/hyusta/web-dev/web-chat/src/auth/auth.service.ts": {"path":"/home/hyusta/web-dev/web-chat/src/auth/auth.service.ts","statementMap":{"0":{"start":{"line":5,"column":0},"end":{"line":5,"column":106}},"1":{"start":{"line":6,"column":0},"end":{"line":6,"column":41}},"2":{"start":{"line":8,"column":0},"end":{"line":8,"column":55}},"3":{"start":{"line":11,"column":0},"end":{"line":11,"column":33}},"4":{"start":{"line":17,"column":0},"end":{"line":83,"column":null}},"5":{"start":{"line":19,"column":25},"end":{"line":19,"column":39}},"6":{"start":{"line":20,"column":25},"end":{"line":20,"column":37}},"7":{"start":{"line":24,"column":25},"end":{"line":24,"column":81}},"8":{"start":{"line":25,"column":8},"end":{"line":31,"column":null}},"9":{"start":{"line":26,"column":52},"end":{"line":26,"column":92}},"10":{"start":{"line":26,"column":31},"end":{"line":26,"column":36}},"11":{"start":{"line":26,"column":48},"end":{"line":26,"column":52}},"12":{"start":{"line":27,"column":12},"end":{"line":27,"column":49}},"13":{"start":{"line":30,"column":12},"end":{"line":30,"column":89}},"14":{"start":{"line":35,"column":29},"end":{"line":35,"column":85}},"15":{"start":{"line":37,"column":8},"end":{"line":42,"column":null}},"16":{"start":{"line":38,"column":12},"end":{"line":38,"column":28}},"17":{"start":{"line":41,"column":12},"end":{"line":41,"column":78}},"18":{"start":{"line":46,"column":29},"end":{"line":46,"column":64}},"19":{"start":{"line":48,"column":8},"end":{"line":53,"column":null}},"20":{"start":{"line":49,"column":12},"end":{"line":49,"column":28}},"21":{"start":{"line":52,"column":12},"end":{"line":52,"column":78}},"22":{"start":{"line":57,"column":30},"end":{"line":57,"column":59}},"23":{"start":{"line":58,"column":8},"end":{"line":64,"column":10}},"24":{"start":{"line":68,"column":30},"end":{"line":68,"column":82}},"25":{"start":{"line":69,"column":48},"end":{"line":69,"column":97}},"26":{"start":{"line":69,"column":27},"end":{"line":69,"column":32}},"27":{"start":{"line":69,"column":44},"end":{"line":69,"column":48}},"28":{"start":{"line":70,"column":8},"end":{"line":70,"column":45}},"29":{"start":{"line":74,"column":8},"end":{"line":78,"column":null}},"30":{"start":{"line":75,"column":37},"end":{"line":75,"column":96}},"31":{"start":{"line":76,"column":12},"end":{"line":77,"column":93}},"32":{"start":{"line":77,"column":16},"end":{"line":77,"column":93}},"33":{"start":{"line":80,"column":48},"end":{"line":80,"column":95}},"34":{"start":{"line":80,"column":27},"end":{"line":80,"column":32}},"35":{"start":{"line":80,"column":44},"end":{"line":80,"column":48}},"36":{"start":{"line":81,"column":8},"end":{"line":81,"column":45}},"37":{"start":{"line":17,"column":13},"end":{"line":83,"column":null}},"38":{"start":{"line":17,"column":13},"end":{"line":17,"column":24}}},"fnMap":{"0":{"name":"(anonymous_3)","decl":{"start":{"line":18,"column":4},"end":{"line":18,"column":null}},"loc":{"start":{"line":20,"column":47},"end":{"line":21,"column":9}}},"1":{"name":"(anonymous_4)","decl":{"start":{"line":23,"column":4},"end":{"line":23,"column":9}},"loc":{"start":{"line":23,"column":36},"end":{"line":32,"column":5}}},"2":{"name":"(anonymous_5)","decl":{"start":{"line":34,"column":12},"end":{"line":34,"column":17}},"loc":{"start":{"line":34,"column":50},"end":{"line":43,"column":5}}},"3":{"name":"(anonymous_6)","decl":{"start":{"line":45,"column":12},"end":{"line":45,"column":17}},"loc":{"start":{"line":45,"column":69},"end":{"line":54,"column":5}}},"4":{"name":"(anonymous_7)","decl":{"start":{"line":56,"column":4},"end":{"line":56,"column":9}},"loc":{"start":{"line":56,"column":36},"end":{"line":65,"column":5}}},"5":{"name":"(anonymous_8)","decl":{"start":{"line":67,"column":4},"end":{"line":67,"column":9}},"loc":{"start":{"line":67,"column":60},"end":{"line":71,"column":5}}},"6":{"name":"(anonymous_9)","decl":{"start":{"line":73,"column":4},"end":{"line":73,"column":9}},"loc":{"start":{"line":73,"column":55},"end":{"line":82,"column":5}}}},"branchMap":{"0":{"loc":{"start":{"line":25,"column":8},"end":{"line":31,"column":null}},"type":"if","locations":[{"start":{"line":25,"column":8},"end":{"line":31,"column":null}},{"start":{"line":29,"column":13},"end":{"line":31,"column":null}}]},"1":{"loc":{"start":{"line":37,"column":8},"end":{"line":42,"column":null}},"type":"if","locations":[{"start":{"line":37,"column":8},"end":{"line":42,"column":null}},{"start":{"line":40,"column":13},"end":{"line":42,"column":null}}]},"2":{"loc":{"start":{"line":37,"column":12},"end":{"line":37,"column":82}},"type":"binary-expr","locations":[{"start":{"line":37,"column":12},"end":{"line":37,"column":20}},{"start":{"line":37,"column":24},"end":{"line":37,"column":82}}]},"3":{"loc":{"start":{"line":48,"column":8},"end":{"line":53,"column":null}},"type":"if","locations":[{"start":{"line":48,"column":8},"end":{"line":53,"column":null}},{"start":{"line":51,"column":13},"end":{"line":53,"column":null}}]},"4":{"loc":{"start":{"line":48,"column":12},"end":{"line":48,"column":77}},"type":"binary-expr","locations":[{"start":{"line":48,"column":12},"end":{"line":48,"column":20}},{"start":{"line":48,"column":24},"end":{"line":48,"column":77}}]},"5":{"loc":{"start":{"line":74,"column":8},"end":{"line":78,"column":null}},"type":"if","locations":[{"start":{"line":74,"column":8},"end":{"line":78,"column":null}}]},"6":{"loc":{"start":{"line":76,"column":12},"end":{"line":77,"column":93}},"type":"if","locations":[{"start":{"line":76,"column":12},"end":{"line":77,"column":93}}]},"7":{"loc":{"start":{"line":76,"column":16},"end":{"line":76,"column":61}},"type":"binary-expr","locations":[{"start":{"line":76,"column":16},"end":{"line":76,"column":32}},{"start":{"line":76,"column":36},"end":{"line":76,"column":61}}]}},"s":{"0":0,"1":0,"2":0,"3":0,"4":0,"5":0,"6":0,"7":0,"8":0,"9":0,"10":0,"11":0,"12":0,"13":0,"14":0,"15":0,"16":0,"17":0,"18":0,"19":0,"20":0,"21":0,"22":0,"23":0,"24":0,"25":0,"26":0,"27":0,"28":0,"29":0,"30":0,"31":0,"32":0,"33":0,"34":0,"35":0,"36":0,"37":0,"38":0},"f":{"0":0,"1":0,"2":0,"3":0,"4":0,"5":0,"6":0},"b":{"0":[0,0],"1":[0,0],"2":[0,0],"3":[0,0],"4":[0,0],"5":[0],"6":[0],"7":[0,0]}}
,"/home/hyusta/web-dev/web-chat/src/auth/dto/jwt-token-user.dto.ts": {"path":"/home/hyusta/web-dev/web-chat/src/auth/dto/jwt-token-user.dto.ts","statementMap":{"0":{"start":{"line":1,"column":0},"end":{"line":1,"column":65}},"1":{"start":{"line":6,"column":4},"end":{"line":6,"column":null}},"2":{"start":{"line":9,"column":4},"end":{"line":9,"column":null}},"3":{"start":{"line":12,"column":4},"end":{"line":12,"column":null}},"4":{"start":{"line":3,"column":0},"end":{"line":3,"column":13}}},"fnMap":{},"branchMap":{},"s":{"0":0,"1":0,"2":0,"3":0,"4":0},"f":{},"b":{}}
,"/home/hyusta/web-dev/web-chat/src/auth/dto/only-password.dto.ts": {"path":"/home/hyusta/web-dev/web-chat/src/auth/dto/only-password.dto.ts","statementMap":{"0":{"start":{"line":1,"column":0},"end":{"line":1,"column":65}},"1":{"start":{"line":5,"column":4},"end":{"line":5,"column":null}},"2":{"start":{"line":3,"column":0},"end":{"line":3,"column":13}}},"fnMap":{},"branchMap":{},"s":{"0":0,"1":0,"2":0},"f":{},"b":{}}
,"/home/hyusta/web-dev/web-chat/src/auth/dto/sign-in-user.dto.ts": {"path":"/home/hyusta/web-dev/web-chat/src/auth/dto/sign-in-user.dto.ts","statementMap":{"0":{"start":{"line":1,"column":0},"end":{"line":1,"column":43}},"1":{"start":{"line":5,"column":4},"end":{"line":5,"column":null}},"2":{"start":{"line":8,"column":4},"end":{"line":8,"column":null}},"3":{"start":{"line":3,"column":0},"end":{"line":3,"column":13}}},"fnMap":{},"branchMap":{},"s":{"0":0,"1":0,"2":0,"3":0},"f":{},"b":{}}
,"/home/hyusta/web-dev/web-chat/src/auth/dto/sign-up-user.dto.ts": {"path":"/home/hyusta/web-dev/web-chat/src/auth/dto/sign-up-user.dto.ts","statementMap":{"0":{"start":{"line":1,"column":0},"end":{"line":1,"column":43}},"1":{"start":{"line":5,"column":4},"end":{"line":5,"column":null}},"2":{"start":{"line":8,"column":4},"end":{"line":8,"column":null}},"3":{"start":{"line":3,"column":0},"end":{"line":3,"column":13}}},"fnMap":{},"branchMap":{},"s":{"0":0,"1":0,"2":0,"3":0},"f":{},"b":{}}
,"/home/hyusta/web-dev/web-chat/src/auth/dto/update-user.dto.ts": {"path":"/home/hyusta/web-dev/web-chat/src/auth/dto/update-user.dto.ts","statementMap":{"0":{"start":{"line":1,"column":0},"end":{"line":1,"column":55}},"1":{"start":{"line":6,"column":4},"end":{"line":6,"column":null}},"2":{"start":{"line":10,"column":4},"end":{"line":10,"column":null}},"3":{"start":{"line":3,"column":0},"end":{"line":3,"column":13}}},"fnMap":{},"branchMap":{},"s":{"0":0,"1":0,"2":0,"3":0},"f":{},"b":{}}
,"/home/hyusta/web-dev/web-chat/src/auth/middlewares/auth.middleware.ts": {"path":"/home/hyusta/web-dev/web-chat/src/auth/middlewares/auth.middleware.ts","statementMap":{"0":{"start":{"line":5,"column":0},"end":{"line":5,"column":80}},"1":{"start":{"line":6,"column":0},"end":{"line":6,"column":41}},"2":{"start":{"line":10,"column":0},"end":{"line":20,"column":null}},"3":{"start":{"line":11,"column":31},"end":{"line":11,"column":43}},"4":{"start":{"line":13,"column":4},"end":{"line":17,"column":null}},"5":{"start":{"line":14,"column":6},"end":{"line":14,"column":56}},"6":{"start":{"line":16,"column":6},"end":{"line":16,"column":37}},"7":{"start":{"line":18,"column":4},"end":{"line":18,"column":11}},"8":{"start":{"line":10,"column":13},"end":{"line":20,"column":null}},"9":{"start":{"line":10,"column":13},"end":{"line":10,"column":27}}},"fnMap":{"0":{"name":"(anonymous_2)","decl":{"start":{"line":11,"column":2},"end":{"line":11,"column":31}},"loc":{"start":{"line":11,"column":53},"end":{"line":11,"column":58}}},"1":{"name":"(anonymous_3)","decl":{"start":{"line":12,"column":2},"end":{"line":12,"column":5}},"loc":{"start":{"line":12,"column":49},"end":{"line":19,"column":3}}}},"branchMap":{},"s":{"0":0,"1":0,"2":0,"3":0,"4":0,"5":0,"6":0,"7":0,"8":0,"9":0},"f":{"0":0,"1":0},"b":{}}
,"/home/hyusta/web-dev/web-chat/src/config/app.config.ts": {"path":"/home/hyusta/web-dev/web-chat/src/config/app.config.ts","statementMap":{"0":{"start":{"line":1,"column":0},"end":{"line":1,"column":27}},"1":{"start":{"line":3,"column":0},"end":{"line":24,"column":2}},"2":{"start":{"line":4,"column":19},"end":{"line":7,"column":null}},"3":{"start":{"line":9,"column":19},"end":{"line":12,"column":6}},"4":{"start":{"line":14,"column":22},"end":{"line":14,"column":68}},"5":{"start":{"line":16,"column":4},"end":{"line":21,"column":null}},"6":{"start":{"line":17,"column":8},"end":{"line":20,"column":10}},"7":{"start":{"line":23,"column":4},"end":{"line":23,"column":18}}},"fnMap":{"0":{"name":"(anonymous_0)","decl":{"start":{"line":3,"column":15},"end":{"line":3,"column":18}},"loc":{"start":{"line":3,"column":20},"end":{"line":24,"column":1}}}},"branchMap":{"0":{"loc":{"start":{"line":16,"column":4},"end":{"line":21,"column":null}},"type":"if","locations":[{"start":{"line":16,"column":4},"end":{"line":21,"column":null}}]}},"s":{"0":1,"1":1,"2":1,"3":1,"4":1,"5":1,"6":0,"7":1},"f":{"0":1},"b":{"0":[0]}}
,"/home/hyusta/web-dev/web-chat/src/config/database.config.ts": {"path":"/home/hyusta/web-dev/web-chat/src/config/database.config.ts","statementMap":{"0":{"start":{"line":1,"column":0},"end":{"line":1,"column":44}},"1":{"start":{"line":3,"column":0},"end":{"line":3,"column":27}},"2":{"start":{"line":5,"column":0},"end":{"line":37,"column":3}},"3":{"start":{"line":7,"column":19},"end":{"line":13,"column":6}},"4":{"start":{"line":16,"column":19},"end":{"line":22,"column":6}},"5":{"start":{"line":25,"column":22},"end":{"line":25,"column":68}},"6":{"start":{"line":28,"column":4},"end":{"line":33,"column":null}},"7":{"start":{"line":29,"column":8},"end":{"line":32,"column":10}},"8":{"start":{"line":36,"column":4},"end":{"line":36,"column":18}}},"fnMap":{"0":{"name":"(anonymous_0)","decl":{"start":{"line":5,"column":38},"end":{"line":5,"column":41}},"loc":{"start":{"line":5,"column":43},"end":{"line":37,"column":1}}}},"branchMap":{"0":{"loc":{"start":{"line":9,"column":18},"end":{"line":9,"column":61}},"type":"binary-expr","locations":[{"start":{"line":9,"column":18},"end":{"line":9,"column":47}},{"start":{"line":9,"column":51},"end":{"line":9,"column":61}}]},"1":{"loc":{"start":{"line":28,"column":4},"end":{"line":33,"column":null}},"type":"if","locations":[{"start":{"line":28,"column":4},"end":{"line":33,"column":null}}]}},"s":{"0":0,"1":0,"2":0,"3":0,"4":0,"5":0,"6":0,"7":0,"8":0},"f":{"0":0},"b":{"0":[0,0],"1":[0]}}
,"/home/hyusta/web-dev/web-chat/src/config/typeorm-config.service.ts": {"path":"/home/hyusta/web-dev/web-chat/src/config/typeorm-config.service.ts","statementMap":{"0":{"start":{"line":5,"column":0},"end":{"line":5,"column":44}},"1":{"start":{"line":9,"column":0},"end":{"line":23,"column":null}},"2":{"start":{"line":11,"column":8},"end":{"line":21,"column":10}},"3":{"start":{"line":9,"column":13},"end":{"line":23,"column":null}},"4":{"start":{"line":9,"column":13},"end":{"line":9,"column":33}}},"fnMap":{"0":{"name":"(anonymous_1)","decl":{"start":{"line":10,"column":4},"end":{"line":10,"column":24}},"loc":{"start":{"line":10,"column":24},"end":{"line":22,"column":5}}}},"branchMap":{},"s":{"0":0,"1":0,"2":0,"3":0,"4":0},"f":{"0":0},"b":{}}
,"/home/hyusta/web-dev/web-chat/src/users/users.controller.ts": {"path":"/home/hyusta/web-dev/web-chat/src/users/users.controller.ts","statementMap":{"0":{"start":{"line":5,"column":0},"end":{"line":5,"column":60}},"1":{"start":{"line":8,"column":0},"end":{"line":8,"column":47}},"2":{"start":{"line":11,"column":0},"end":{"line":25,"column":null}},"3":{"start":{"line":12,"column":33},"end":{"line":12,"column":47}},"4":{"start":{"line":17,"column":25},"end":{"line":17,"column":58}},"5":{"start":{"line":19,"column":26},"end":{"line":22,"column":10}},"6":{"start":{"line":20,"column":50},"end":{"line":20,"column":54}},"7":{"start":{"line":20,"column":46},"end":{"line":20,"column":50}},"8":{"start":{"line":21,"column":12},"end":{"line":21,"column":47}},"9":{"start":{"line":23,"column":8},"end":{"line":23,"column":25}},"10":{"start":{"line":15,"column":4},"end":{"line":24,"column":null}},"11":{"start":{"line":11,"column":13},"end":{"line":25,"column":null}},"12":{"start":{"line":11,"column":13},"end":{"line":11,"column":28}}},"fnMap":{"0":{"name":"(anonymous_3)","decl":{"start":{"line":12,"column":4},"end":{"line":12,"column":33}},"loc":{"start":{"line":12,"column":59},"end":{"line":12,"column":63}}},"1":{"name":"(anonymous_4)","decl":{"start":{"line":15,"column":4},"end":{"line":15,"column":9}},"loc":{"start":{"line":15,"column":17},"end":{"line":24,"column":5}}},"2":{"name":"(anonymous_5)","decl":{"start":{"line":19,"column":39},"end":{"line":19,"column":40}},"loc":{"start":{"line":19,"column":48},"end":{"line":22,"column":9}}}},"branchMap":{},"s":{"0":0,"1":0,"2":0,"3":0,"4":0,"5":0,"6":0,"7":0,"8":0,"9":0,"10":0,"11":0,"12":0},"f":{"0":0,"1":0,"2":0},"b":{}}
,"/home/hyusta/web-dev/web-chat/src/users/users.module.ts": {"path":"/home/hyusta/web-dev/web-chat/src/users/users.module.ts","statementMap":{"0":{"start":{"line":1,"column":0},"end":{"line":1,"column":40}},"1":{"start":{"line":2,"column":0},"end":{"line":2,"column":46}},"2":{"start":{"line":3,"column":0},"end":{"line":3,"column":48}},"3":{"start":{"line":4,"column":0},"end":{"line":4,"column":46}},"4":{"start":{"line":5,"column":0},"end":{"line":5,"column":53}},"5":{"start":{"line":6,"column":0},"end":{"line":6,"column":47}},"6":{"start":{"line":17,"column":0},"end":{"line":17,"column":null}},"7":{"start":{"line":17,"column":13},"end":{"line":17,"column":null}},"8":{"start":{"line":17,"column":13},"end":{"line":17,"column":24}}},"fnMap":{},"branchMap":{},"s":{"0":0,"1":0,"2":0,"3":0,"4":0,"5":0,"6":0,"7":0,"8":0},"f":{},"b":{}}
,"/home/hyusta/web-dev/web-chat/src/users/users.service.ts": {"path":"/home/hyusta/web-dev/web-chat/src/users/users.service.ts","statementMap":{"0":{"start":{"line":1,"column":0},"end":{"line":1,"column":74}},"1":{"start":{"line":2,"column":0},"end":{"line":2,"column":51}},"2":{"start":{"line":4,"column":0},"end":{"line":4,"column":37}},"3":{"start":{"line":5,"column":0},"end":{"line":5,"column":46}},"4":{"start":{"line":6,"column":0},"end":{"line":6,"column":33}},"5":{"start":{"line":7,"column":0},"end":{"line":7,"column":47}},"6":{"start":{"line":11,"column":0},"end":{"line":104,"column":null}},"7":{"start":{"line":14,"column":25},"end":{"line":14,"column":42}},"8":{"start":{"line":15,"column":25},"end":{"line":15,"column":40}},"9":{"start":{"line":19,"column":21},"end":{"line":19,"column":114}},"10":{"start":{"line":20,"column":14},"end":{"line":20,"column":82}},"11":{"start":{"line":20,"column":23},"end":{"line":20,"column":28}},"12":{"start":{"line":20,"column":40},"end":{"line":20,"column":48}},"13":{"start":{"line":21,"column":8},"end":{"line":21,"column":28}},"14":{"start":{"line":28,"column":8},"end":{"line":28,"column":49}},"15":{"start":{"line":36,"column":8},"end":{"line":38,"column":11}},"16":{"start":{"line":47,"column":8},"end":{"line":49,"column":11}},"17":{"start":{"line":58,"column":8},"end":{"line":58,"column":78}},"18":{"start":{"line":67,"column":29},"end":{"line":71,"column":22}},"19":{"start":{"line":72,"column":8},"end":{"line":82,"column":null}},"20":{"start":{"line":74,"column":16},"end":{"line":74,"column":33}},"21":{"start":{"line":76,"column":16},"end":{"line":79,"column":61}},"22":{"start":{"line":77,"column":20},"end":{"line":77,"column":32}},"23":{"start":{"line":79,"column":20},"end":{"line":79,"column":61}},"24":{"start":{"line":81,"column":16},"end":{"line":81,"column":57}},"25":{"start":{"line":92,"column":8},"end":{"line":93,"column":55}},"26":{"start":{"line":93,"column":12},"end":{"line":93,"column":55}},"27":{"start":{"line":95,"column":28},"end":{"line":97,"column":null}},"28":{"start":{"line":99,"column":8},"end":{"line":102,"column":29}},"29":{"start":{"line":100,"column":12},"end":{"line":100,"column":64}},"30":{"start":{"line":102,"column":12},"end":{"line":102,"column":29}},"31":{"start":{"line":11,"column":13},"end":{"line":104,"column":null}},"32":{"start":{"line":11,"column":13},"end":{"line":11,"column":25}}},"fnMap":{"0":{"name":"(anonymous_5)","decl":{"start":{"line":12,"column":4},"end":{"line":12,"column":null}},"loc":{"start":{"line":15,"column":53},"end":{"line":16,"column":8}}},"1":{"name":"(anonymous_6)","decl":{"start":{"line":18,"column":12},"end":{"line":18,"column":17}},"loc":{"start":{"line":18,"column":76},"end":{"line":22,"column":5}}},"2":{"name":"(anonymous_7)","decl":{"start":{"line":27,"column":4},"end":{"line":27,"column":9}},"loc":{"start":{"line":27,"column":17},"end":{"line":29,"column":5}}},"3":{"name":"(anonymous_8)","decl":{"start":{"line":35,"column":4},"end":{"line":35,"column":9}},"loc":{"start":{"line":35,"column":31},"end":{"line":39,"column":5}}},"4":{"name":"(anonymous_9)","decl":{"start":{"line":46,"column":4},"end":{"line":46,"column":9}},"loc":{"start":{"line":46,"column":47},"end":{"line":50,"column":5}}},"5":{"name":"(anonymous_10)","decl":{"start":{"line":57,"column":4},"end":{"line":57,"column":9}},"loc":{"start":{"line":57,"column":40},"end":{"line":59,"column":5}}},"6":{"name":"(anonymous_11)","decl":{"start":{"line":66,"column":4},"end":{"line":66,"column":9}},"loc":{"start":{"line":66,"column":31},"end":{"line":83,"column":5}}},"7":{"name":"(anonymous_12)","decl":{"start":{"line":91,"column":4},"end":{"line":91,"column":9}},"loc":{"start":{"line":91,"column":55},"end":{"line":103,"column":5}}}},"branchMap":{"0":{"loc":{"start":{"line":72,"column":8},"end":{"line":82,"column":null}},"type":"switch","locations":[{"start":{"line":73,"column":12},"end":{"line":74,"column":33}},{"start":{"line":75,"column":12},"end":{"line":79,"column":61}},{"start":{"line":80,"column":12},"end":{"line":81,"column":57}}]},"1":{"loc":{"start":{"line":76,"column":16},"end":{"line":79,"column":61}},"type":"if","locations":[{"start":{"line":76,"column":16},"end":{"line":79,"column":61}},{"start":{"line":79,"column":20},"end":{"line":79,"column":61}}]},"2":{"loc":{"start":{"line":92,"column":8},"end":{"line":93,"column":55}},"type":"if","locations":[{"start":{"line":92,"column":8},"end":{"line":93,"column":55}}]},"3":{"loc":{"start":{"line":99,"column":8},"end":{"line":102,"column":29}},"type":"if","locations":[{"start":{"line":99,"column":8},"end":{"line":102,"column":29}},{"start":{"line":102,"column":12},"end":{"line":102,"column":29}}]}},"s":{"0":1,"1":1,"2":1,"3":1,"4":1,"5":1,"6":1,"7":1,"8":1,"9":3,"10":3,"11":3,"12":3,"13":3,"14":1,"15":2,"16":2,"17":1,"18":4,"19":4,"20":1,"21":2,"22":1,"23":1,"24":1,"25":3,"26":2,"27":3,"28":3,"29":2,"30":1,"31":1,"32":1},"f":{"0":1,"1":3,"2":1,"3":2,"4":2,"5":1,"6":4,"7":3},"b":{"0":[1,2,1],"1":[1,1],"2":[2],"3":[2,1]}}
,"/home/hyusta/web-dev/web-chat/src/users/dto/user.no-pass.dto.ts": {"path":"/home/hyusta/web-dev/web-chat/src/users/dto/user.no-pass.dto.ts","statementMap":{"0":{"start":{"line":1,"column":0},"end":{"line":1,"column":43}},"1":{"start":{"line":6,"column":4},"end":{"line":6,"column":null}},"2":{"start":{"line":9,"column":4},"end":{"line":9,"column":null}},"3":{"start":{"line":4,"column":0},"end":{"line":4,"column":13}}},"fnMap":{},"branchMap":{},"s":{"0":0,"1":0,"2":0,"3":0},"f":{},"b":{}}
,"/home/hyusta/web-dev/web-chat/src/users/entities/user.entity.ts": {"path":"/home/hyusta/web-dev/web-chat/src/users/entities/user.entity.ts","statementMap":{"0":{"start":{"line":1,"column":0},"end":{"line":1,"column":43}},"1":{"start":{"line":2,"column":0},"end":{"line":2,"column":73}},"2":{"start":{"line":5,"column":0},"end":{"line":16,"column":null}},"3":{"start":{"line":7,"column":4},"end":{"line":7,"column":null}},"4":{"start":{"line":11,"column":4},"end":{"line":11,"column":null}},"5":{"start":{"line":15,"column":4},"end":{"line":15,"column":null}},"6":{"start":{"line":5,"column":13},"end":{"line":16,"column":null}},"7":{"start":{"line":5,"column":13},"end":{"line":5,"column":17}}},"fnMap":{},"branchMap":{},"s":{"0":1,"1":1,"2":1,"3":1,"4":1,"5":1,"6":1,"7":1},"f":{},"b":{}}
}
